<?xml version="1.0" encoding="UTF-8"?>
<!-- Generated by org.testng.reporters.JUnitReportReporter -->
<testsuite hostname="Sadha" name="demo.Amazon" tests="1" failures="0" timestamp="5 Nov 2017 15:28:28 GMT" time="151.872" errors="0">
  <testcase name="testJenkins" time="151.872" classname="demo.Amazon"/>
</testsuite> <!-- demo.Amazon -->
